<?xml version="1.0" encoding="UTF-8"?>
<!-- Generated by org.testng.reporters.JUnitReportReporter -->
<testsuite hostname="DESKTOP-6GG8T19" failures="0" tests="1" name="loginPage.myTestcases" time="0.430" errors="0" timestamp="2025-07-02T19:00:58 CEST" skipped="0">
  <testcase classname="loginPage.myTestcases" name="Signup" time="0.430"/>
</testsuite> <!-- loginPage.myTestcases -->
